2023-06-02 18:20:39,729 INFO     Best f1-micro params: {'p': 1, 'n_neighbors': 8, 'leaf_size': 18}	Best score: 0.5888888888888889	Best Estimator: KNeighborsClassifier(leaf_size=18, n_neighbors=8, p=1)
2023-06-02 18:29:22,021 INFO     Best f1-micro params: {'p': 2, 'n_neighbors': 2, 'leaf_size': 18}	Best score: 0.5777777777777777	Best Estimator: KNeighborsClassifier(leaf_size=18, n_neighbors=2)
2023-06-02 18:43:53,112 INFO     Best f1-micro params: {'p': 1, 'n_neighbors': 9, 'leaf_size': 7}	Best score: 0.5271604938271605	Best Estimator: KNeighborsClassifier(leaf_size=7, n_neighbors=9, p=1)
2023-06-02 18:44:04,839 INFO     Best f1-micro params: {'min_samples_leaf': 5, 'max_depth': 2, 'criterion': 'entropy'}	Best score: 0.7148148148148147	Best Estimator: DecisionTreeClassifier(criterion='entropy', max_depth=2, min_samples_leaf=5)
2023-06-02 18:50:44,829 INFO     Best f1-micro params: {'p': 1, 'n_neighbors': 7, 'leaf_size': 13}	Best score: 0.5469135802469136	Best Estimator: KNeighborsClassifier(leaf_size=13, n_neighbors=7, p=1)
2023-06-02 18:51:09,196 INFO     Best f1-micro params: {'min_samples_leaf': 50, 'max_depth': 10, 'criterion': 'gini'}	Best score: 0.691358024691358	Best Estimator: DecisionTreeClassifier(max_depth=10, min_samples_leaf=50)
2023-06-02 19:42:38,671 INFO     Best f1-micro params: {'n_estimators': 1550, 'min_samples_split': 2, 'min_samples_leaf': 2, 'max_features': 'sqrt', 'max_depth': 10, 'bootstrap': True}	Best score: 0.7530864197530864	Best Estimator: RandomForestClassifier(max_depth=10, min_samples_leaf=2, n_estimators=1550)
2023-06-02 22:04:10,235 INFO     Best f1-micro params: {'weights': 'uniform', 'p': 2, 'n_neighbors': 19, 'leaf_size': 36, 'algorithm': 'auto'}	Best score: 0.5728395061728395	Best Estimator: KNeighborsClassifier(leaf_size=36, n_neighbors=19)
2023-06-02 22:04:20,467 INFO     Best f1-micro params: {'min_samples_leaf': 44, 'max_depth': 62, 'criterion': 'entropy'}	Best score: 0.7172839506172839	Best Estimator: DecisionTreeClassifier(criterion='entropy', max_depth=62, min_samples_leaf=44)
2023-06-02 22:15:07,665 INFO     Best f1-micro params: {'n_estimators': 1200, 'min_samples_split': 2, 'min_samples_leaf': 4, 'max_features': 'auto', 'max_depth': None, 'bootstrap': True}	Best score: 0.7320987654320987	Best Estimator: RandomForestClassifier(max_features='auto', min_samples_leaf=4,
                       n_estimators=1200)
2023-06-02 22:29:09,931 INFO     Best accuracy params: {'weights': 'uniform', 'p': 2, 'n_neighbors': 27, 'leaf_size': 5, 'algorithm': 'kd_tree'}	Best score: 0.5444444444444444	Best Estimator: KNeighborsClassifier(algorithm='kd_tree', leaf_size=5, n_neighbors=27)
2023-06-02 22:29:23,745 INFO     Best accuracy params: {'min_samples_leaf': 16, 'max_depth': 29, 'criterion': 'entropy'}	Best score: 0.7197530864197531	Best Estimator: DecisionTreeClassifier(criterion='entropy', max_depth=29, min_samples_leaf=16)
2023-06-02 22:38:03,328 INFO     Best accuracy params: {'n_estimators': 1000, 'min_samples_split': 2, 'min_samples_leaf': 4, 'max_features': 'sqrt', 'max_depth': 90, 'bootstrap': True}	Best score: 0.7407407407407407	Best Estimator: RandomForestClassifier(max_depth=90, min_samples_leaf=4, n_estimators=1000)
2023-06-02 22:50:46,789 INFO     Best accuracy params: {'weights': 'uniform', 'p': 2, 'n_neighbors': 22, 'leaf_size': 23, 'algorithm': 'ball_tree'}	Best score: 0.5654320987654321	Best Estimator: KNeighborsClassifier(algorithm='ball_tree', leaf_size=23, n_neighbors=22)
2023-06-02 22:50:55,343 INFO     Best accuracy params: {'min_samples_leaf': 16, 'max_depth': 22, 'criterion': 'gini'}	Best score: 0.7	Best Estimator: DecisionTreeClassifier(max_depth=22, min_samples_leaf=16)
2023-06-02 22:58:59,126 INFO     Best accuracy params: {'n_estimators': 2000, 'min_samples_split': 2, 'min_samples_leaf': 1, 'max_features': 'sqrt', 'max_depth': 70, 'bootstrap': True}	Best score: 0.7345679012345678	Best Estimator: RandomForestClassifier(max_depth=70, n_estimators=2000)
2023-06-02 23:43:36,058 INFO     Best accuracy params: {'weights': 'distance', 'p': 2, 'n_neighbors': 16, 'leaf_size': 44, 'algorithm': 'auto'}	Best score: 0.5160493827160495	Best Estimator: KNeighborsClassifier(leaf_size=44, n_neighbors=16, weights='distance')
2023-06-02 23:43:52,324 INFO     Best accuracy params: {'min_samples_leaf': 65, 'max_depth': 35, 'criterion': 'entropy'}	Best score: 0.5925925925925927	Best Estimator: DecisionTreeClassifier(criterion='entropy', max_depth=35, min_samples_leaf=65)
2023-06-02 23:52:14,530 INFO     Best accuracy params: {'n_estimators': 1600, 'min_samples_split': 10, 'min_samples_leaf': 2, 'max_features': 'auto', 'max_depth': 70, 'bootstrap': True}	Best score: 0.5987654320987654	Best Estimator: RandomForestClassifier(max_depth=70, max_features='auto', min_samples_leaf=2,
                       min_samples_split=10, n_estimators=1600)
2023-06-03 00:13:25,931 INFO     Best accuracy params: {'weights': 'distance', 'p': 2, 'n_neighbors': 16, 'leaf_size': 44, 'algorithm': 'auto'}	Best score: 0.5160493827160495	Best Estimator: KNeighborsClassifier(leaf_size=44, n_neighbors=16, weights='distance')
2023-06-03 00:13:36,575 INFO     Best accuracy params: {'min_samples_leaf': 65, 'max_depth': 35, 'criterion': 'entropy'}	Best score: 0.5925925925925927	Best Estimator: DecisionTreeClassifier(criterion='entropy', max_depth=35, min_samples_leaf=65)
2023-06-03 00:23:02,705 INFO     Best accuracy params: {'n_estimators': 1000, 'min_samples_split': 10, 'min_samples_leaf': 4, 'max_features': 'sqrt', 'max_depth': 20, 'bootstrap': False}	Best score: 0.6024691358024692	Best Estimator: RandomForestClassifier(bootstrap=False, max_depth=20, min_samples_leaf=4,
                       min_samples_split=10, n_estimators=1000)
2023-06-03 00:49:37,575 INFO     Best accuracy params: {'weights': 'distance', 'p': 2, 'n_neighbors': 16, 'leaf_size': 44, 'algorithm': 'auto'}	Best score: 0.5160493827160495	Best Estimator: KNeighborsClassifier(leaf_size=44, n_neighbors=16, weights='distance')
2023-06-03 00:50:05,210 INFO     Best accuracy params: {'min_samples_leaf': 51, 'max_depth': 8, 'criterion': 'entropy'}	Best score: 0.6172839506172838	Best Estimator: DecisionTreeClassifier(criterion='entropy', max_depth=8, min_samples_leaf=51)
2023-06-03 01:01:27,606 INFO     Best accuracy params: {'n_estimators': 2000, 'min_samples_split': 10, 'min_samples_leaf': 4, 'max_features': 'sqrt', 'max_depth': 30, 'bootstrap': False}	Best score: 0.5962962962962963	Best Estimator: RandomForestClassifier(bootstrap=False, max_depth=30, min_samples_leaf=4,
                       min_samples_split=10, n_estimators=2000)

# RANDOM STATE 42


2023-06-03 01:06:27,473 INFO     Best f1_weighted params: {'weights': 'distance', 'p': 2, 'n_neighbors': 16, 'leaf_size': 44, 'algorithm': 'auto'}	Best score: 0.5002007511874573	Best Estimator: KNeighborsClassifier(leaf_size=44, n_neighbors=16, weights='distance')
2023-06-03 01:06:35,422 INFO     Best f1_weighted params: {'min_samples_leaf': 2, 'max_depth': 35, 'criterion': 'gini'}	Best score: 0.5500214091028341	Best Estimator: DecisionTreeClassifier(max_depth=35, min_samples_leaf=2)
2023-06-03 01:11:48,447 INFO     Best f1_weighted params: {'n_estimators': 200, 'min_samples_split': 10, 'min_samples_leaf': 2, 'max_features': 'sqrt', 'max_depth': 90, 'bootstrap': False}	Best score: 0.5875069964587347	Best Estimator: RandomForestClassifier(bootstrap=False, max_depth=90, min_samples_leaf=2,
                       min_samples_split=10, n_estimators=200)
2023-06-03 01:17:18,125 INFO     Best f1_weighted params: {'weights': 'distance', 'p': 2, 'n_neighbors': 16, 'leaf_size': 44, 'algorithm': 'auto'}	Best score: 0.5002007511874573	Best Estimator: KNeighborsClassifier(leaf_size=44, n_neighbors=16, weights='distance')
2023-06-03 01:17:30,661 INFO     Best f1_weighted params: {'min_samples_leaf': 2, 'max_depth': 35, 'criterion': 'gini'}	Best score: 0.5464207174624354	Best Estimator: DecisionTreeClassifier(max_depth=35, min_samples_leaf=2)
2023-06-03 01:28:19,340 INFO     Best f1_weighted params: {'n_estimators': 1400, 'min_samples_split': 10, 'min_samples_leaf': 2, 'max_features': 'sqrt', 'max_depth': 80, 'bootstrap': False}	Best score: 0.5871644382655565	Best Estimator: RandomForestClassifier(bootstrap=False, max_depth=80, min_samples_leaf=2,
                       min_samples_split=10, n_estimators=1400)
2023-06-03 02:08:04,233 INFO     Best f1_weighted params: {'weights': 'distance', 'p': 1, 'n_neighbors': 24, 'leaf_size': 49, 'algorithm': 'kd_tree'}	Best score: 0.49534130861721903	Best Estimator: KNeighborsClassifier(algorithm='kd_tree', leaf_size=49, n_neighbors=24, p=1,
                     weights='distance')
2023-06-03 02:19:36,028 INFO     Best f1_weighted params: {'weights': 'distance', 'p': 1, 'n_neighbors': 24, 'leaf_size': 49, 'algorithm': 'kd_tree'}	Best score: 0.49534130861721903	Best Estimator: KNeighborsClassifier(algorithm='kd_tree', leaf_size=49, n_neighbors=24, p=1,
                     weights='distance')
2023-06-03 02:30:38,200 INFO     Best f1_weighted params: {'weights': 'distance', 'p': 1, 'n_neighbors': 24, 'leaf_size': 49, 'algorithm': 'kd_tree'}	Best score: 0.49534130861721903	Best Estimator: KNeighborsClassifier(algorithm='kd_tree', leaf_size=49, n_neighbors=24, p=1,
                     weights='distance')
2023-06-03 02:30:56,115 INFO     Best f1_weighted params: {'min_samples_leaf': 2, 'max_depth': 83, 'criterion': 'entropy'}	Best score: 0.5700720318154693	Best Estimator: DecisionTreeClassifier(criterion='entropy', max_depth=83, min_samples_leaf=2)
2023-06-03 02:39:23,357 INFO     Best f1_weighted params: {'n_estimators': 400, 'min_samples_split': 5, 'min_samples_leaf': 2, 'max_features': 'auto', 'max_depth': 20, 'bootstrap': False}	Best score: 0.5489016142235507	Best Estimator: RandomForestClassifier(bootstrap=False, max_depth=20, max_features='auto',
                       min_samples_leaf=2, min_samples_split=5,
                       n_estimators=400)
